<?xml version="1.0" encoding="UTF-8"?>
<!-- Generated by org.testng.reporters.JUnitReportReporter -->
<testsuite skipped="0" hostname="LAPTOP-DNLKQT7N" name="test.GithubAPITest" tests="1" failures="0" timestamp="2021-05-08T20:08:45 IST" time="6.119" errors="0">
  <testcase name="verifyRepo" time="6.119" classname="test.GithubAPITest"/>
  <system-out/>
</testsuite> <!-- test.GithubAPITest -->
