<?xml version="1.0" encoding="UTF-8"?>
<!-- Generated by org.testng.reporters.JUnitReportReporter -->
<testsuite skipped="1" hostname="LAPTOP-DNLKQT7N" name="runner.RunCukes" tests="2" failures="0" timestamp="2021-05-09T23:29:51 IST" time="0.385" errors="0">
  <testcase name="runScenario" time="0.385" classname="runner.RunCukes"/>
  <system-out/>
  <testcase name="Test" classname="runner.RunCukes">
    <skipped/>
  </testcase> <!-- Test -->
  <system-out/>
</testsuite> <!-- runner.RunCukes -->
