<?xml version="1.0" encoding="UTF-8"?>
<!-- Generated by org.testng.reporters.JUnitReportReporter -->
<testsuite skipped="0" hostname="LAPTOP-DNLKQT7N" name="test.WeatherAPI" tests="4" failures="0" timestamp="2021-05-08T19:39:01 IST" time="9.785" errors="0">
  <testcase name="validateCountry" time="2.874" classname="test.WeatherAPI"/>
  <system-out/>
  <testcase name="temp_City" time="4.649" classname="test.WeatherAPI"/>
  <system-out/>
  <testcase name="validateWeather" time="1.403" classname="test.WeatherAPI"/>
  <system-out/>
  <testcase name="validateHeader" time="0.859" classname="test.WeatherAPI"/>
  <system-out/>
</testsuite> <!-- test.WeatherAPI -->
